<?xml version="1.0" encoding="UTF-8"?>
<!-- Generated by org.testng.reporters.JUnitReportReporter -->
<testsuite hostname="INBook_X1" failures="0" tests="2" name="MainTests.Account_CustomEventTest" time="92.427" errors="0" timestamp="2022-10-13T12:20:56 IST" skipped="0">
  <testcase classname="MainTests.Account_CustomEventTest" name="CustomEventTest" time="42.717"/>
  <system-out/>
  <testcase classname="MainTests.Account_CustomEventTest" name="CustomEventTest" time="49.710"/>
  <system-out/>
</testsuite> <!-- MainTests.Account_CustomEventTest -->
