<?xml version="1.0" encoding="UTF-8"?>
<!-- Generated by org.testng.reporters.JUnitReportReporter -->
<testsuite hostname="INBook_X1" failures="0" tests="1" name="MainTests.Folder_orion" time="18.647" errors="0" timestamp="2022-10-12T10:55:45 IST" skipped="0">
  <testcase classname="MainTests.Folder_orion" name="folderTest" time="18.647"/>
  <system-out/>
</testsuite> <!-- MainTests.Folder_orion -->
