<?xml version="1.0" encoding="UTF-8"?>
<!-- Generated by org.testng.reporters.JUnitReportReporter -->
<testsuite hostname="INBook_X1" failures="0" tests="2" name="MainTests.DataReaderPrac" time="94.739" errors="0" timestamp="2022-10-11T14:11:16 IST" skipped="0">
  <testcase classname="MainTests.DataReaderPrac" name="MainTest" time="40.328"/>
  <system-out/>
  <testcase classname="MainTests.DataReaderPrac" name="MainTest" time="54.411"/>
  <system-out/>
</testsuite> <!-- MainTests.DataReaderPrac -->
