<?xml version="1.0" encoding="UTF-8"?>
<!-- Generated by org.testng.reporters.JUnitReportReporter -->
<testsuite hostname="INBook_X1" failures="0" tests="2" name="MainTests.OrionAutomation" time="94.879" errors="0" timestamp="2022-10-06T11:27:23 IST" skipped="0">
  <testcase classname="MainTests.OrionAutomation" name="MainTest" time="50.340"/>
  <system-out/>
  <testcase classname="MainTests.OrionAutomation" name="MainTest" time="44.539"/>
  <system-out/>
</testsuite> <!-- MainTests.OrionAutomation -->
