<?xml version="1.0" encoding="UTF-8"?>
<!-- Generated by org.testng.reporters.JUnitReportReporter -->
<testsuite hostname="INBook_X1" failures="0" tests="2" name="MainTests.Folder_Test" time="36.786" errors="0" timestamp="2022-10-30T10:36:09 IST" skipped="0">
  <testcase classname="MainTests.Folder_Test" name="folderTest" time="36.667"/>
  <system-out/>
  <testcase classname="MainTests.Folder_Test" name="folderTestUi" time="0.119"/>
  <system-out/>
</testsuite> <!-- MainTests.Folder_Test -->
