<?xml version="1.0" encoding="UTF-8"?>
<!-- Generated by org.testng.reporters.JUnitReportReporter -->
<testsuite hostname="INBook_X1" failures="0" tests="2" name="MainTests.Folder_Test" time="44.113" errors="0" timestamp="2022-10-18T08:31:39 IST" skipped="0">
  <testcase classname="MainTests.Folder_Test" name="folderTest" time="44.007"/>
  <system-out/>
  <testcase classname="MainTests.Folder_Test" name="folderTestUi" time="0.106"/>
  <system-out/>
</testsuite> <!-- MainTests.Folder_Test -->
